<?xml version="1.0" encoding="UTF-8"?>
<!-- Generated by org.testng.reporters.JUnitReportReporter -->
<testsuite skipped="0" hostname="Bijou_pc" name="ChangeTest" tests="1" failures="0" timestamp="11 ноя 2017 22:14:19 GMT" time="0.003" errors="0">
  <testcase name="changeTest" time="0.003" classname="ChangeTest"/>
</testsuite> <!-- ChangeTest -->
