<?xml version="1.0" encoding="UTF-8"?>
<!-- Generated by org.testng.reporters.JUnitReportReporter -->
<testsuite skipped="0" hostname="Bijou_pc" name="GetTest" tests="1" failures="0" timestamp="11 ноя 2017 22:14:19 GMT" time="0.001" errors="0">
  <testcase name="getTest" time="0.001" classname="GetTest"/>
</testsuite> <!-- GetTest -->
